This is pdfTeXk, Version 3.141592-1.40.3 (Web2C 7.5.6) (format=pdfetex 2009.11.20)  13 MAR 2010 15:58
entering extended mode
 file:line:error style messages enabled.
 %&-line parsing enabled.
**./cloog.texi
(./cloog.texi (/usr/share/texmf/tex/texinfo/texinfo.tex
Loading texinfo [version 2008-04-18.10]:
\bindingoffset=\dimen16
\normaloffset=\dimen17
\pagewidth=\dimen18
\pageheight=\dimen19
\outerhsize=\dimen20
\outervsize=\dimen21
\cornerlong=\dimen22
\cornerthick=\dimen23
\topandbottommargin=\dimen24
\headlinebox=\box16
\footlinebox=\box17
\margin=\insert252
\EMsimple=\toks13
\groupbox=\box18
\groupinvalidhelp=\toks14
\mil=\dimen25
\exdentamount=\skip18
\inmarginspacing=\skip19
 pdf,
\tempnum=\count27
\lnkcount=\count28
\filename=\toks15
\filenamelength=\count29
\pgn=\count30
\toksA=\toks16
\toksB=\toks17
\toksC=\toks18
\toksD=\toks19
\boxA=\box19
\countA=\count31
\nopdfimagehelp=\toks20
 fonts,
\sffam=\fam8
\textleading=\dimen26
\fontdepth=\count32
 page headings,
\titlepagetopglue=\skip20
\titlepagebottomglue=\skip21
\evenheadline=\toks21
\oddheadline=\toks22
\evenfootline=\toks23
\oddfootline=\toks24
 tables,
\tableindent=\dimen27
\itemindent=\dimen28
\itemmargin=\dimen29
\itemmax=\dimen30
\itemno=\count33
\multitableparskip=\skip22
\multitableparindent=\skip23
\multitablecolspace=\dimen31
\multitablelinespace=\skip24
\colcount=\count34
\everytab=\toks25

conditionals,
\doignorecount=\count35
 indexing,
\whatsitskip=\skip25
\whatsitpenalty=\count36
\secondaryindent=\skip26
\partialpage=\box20
\doublecolumnhsize=\dimen32
 sectioning,
\unnumberedno=\count37
\chapno=\count38
\secno=\count39
\subsecno=\count40
\subsubsecno=\count41
\appendixno=\count42
\absseclevel=\count43
\secbase=\count44
\chapheadingskip=\skip27
\secheadingskip=\skip28
\subsecheadingskip=\skip29
 toc,
\tocfile=\write0
\contentsrightmargin=\skip30
\savepageno=\count45
\lastnegativepageno=\count46
\tocindent=\dimen33
 environments,
\errorbox=\box21
\lispnarrowing=\skip31
\envskipamount=\skip32
\circthick=\dimen34
\cartouter=\dimen35
\cartinner=\dimen36
\normbskip=\skip33
\normpskip=\skip34
\normlskip=\skip35
\lskip=\skip36
\rskip=\skip37
\tabw=\dimen37
 defuns,
\defbodyindent=\skip38
\defargsindent=\skip39
\deflastargmargin=\skip40
\defunpenalty=\count47
\parencount=\count48
\brackcount=\count49
 macros,
\paramno=\count50
\macname=\toks26

cross references,
\auxfile=\write1
\savesfregister=\count51
 insertions,
\footnoteno=\count52
\SAVEfootins=\box22
\SAVEmargin=\box23
 (/usr/share/texmf/tex/generic/epsf/epsf.tex
This is `epsf.tex' v2.7.3 <23 July 2005>
\epsffilein=\read1
\epsfframemargin=\dimen38
\epsfframethickness=\dimen39
\epsfrsize=\dimen40
\epsftmp=\dimen41
\epsftsize=\dimen42
\epsfxsize=\dimen43
\epsfysize=\dimen44
\pspoints=\dimen45
)
\noepsfhelp=\toks27
 localization,
\nolanghelp=\toks28
\countUTFx=\count53
\countUTFy=\count54
\countUTFz=\count55
 formatting,
\defaultparindent=\dimen46
 and turning on texinfo input format.) (./cloog.aux)
\openout1 = `cloog.aux'.

@cpindfile=@write2
@fnindfile=@write3
@vrindfile=@write4
@tpindfile=@write5
@kyindfile=@write6
@pgindfile=@write7
(./gitversion.texi) [1
\openout2 = `cloog.cp'.

\openout3 = `cloog.fn'.

\openout4 = `cloog.vr'.

\openout5 = `cloog.tp'.

\openout6 = `cloog.ky'.

\openout7 = `cloog.pg'.

{/usr/share/texmf/fonts/map/pdftex/updmap/pdftex.map}]
[2] (./cloog.toc [-1]) [-2] (./cloog.toc) (./cloog.toc) Chapter 1
\openout0 = `cloog.toc'.

 [1] <./images/basic.jpg> [2] [3] <./images/tree.jpg> Chapter 2 [4] [5] [6] [7]
 [8] [9]
[10] [11] [12] [13] [14] [15] [16] [17] [18] [19] Chapter 3 [20] [21] [22]
[23] [24] [25] [26] [27] [28] [29] [30] [31] [32] [33] [34] Chapter 4 [35]
[36] [37]
Overfull \hbox (32.62471pt too wide) in paragraph at lines 2668--2672
[]@textrm Once down-loaded and un-packed (e.g. us-ing the `@texttt tar -zxvf cl
oog-0.14.0-201-g08025b1.tar.gz[]@textrm '[]|

@hbox(8.2125+2.73749)x433.62, glue set - 1.0
.@hbox(0.0+0.0)x15.0
.@kern -15.0
.@textrm O
.@textrm n
.@textrm c
.etc.

[38] [39] Chapter 5 [40] Chapter 6 [41] [42] [43] [44] ) 
Here is how much of TeX's memory you used:
 2067 strings out of 259301
 26067 string characters out of 1958499
 67845 words of memory out of 1500000
 3037 multiletter control sequences out of 10000+200000
 32127 words of font info for 112 fonts, out of 1200000 for 2000
 51 hyphenation exceptions out of 8191
 13i,9n,17p,263b,470s stack positions out of 5000i,500n,6000p,200000b,15000s
</usr/share/texmf/fonts
/type1/bluesky/cm/cmb10.pfb></usr/share/texmf/fonts/type1/bluesky/cm/cmbx12.pfb
></usr/share/texmf/fonts/type1/bluesky/cm/cmex10.pfb></usr/share/texmf/fonts/ty
pe1/bluesky/cm/cmmi10.pfb></usr/share/texmf/fonts/type1/bluesky/cm/cmmi12.pfb><
/usr/share/texmf/fonts/type1/bluesky/cm/cmmi7.pfb></usr/share/texmf/fonts/type1
/bluesky/cm/cmr10.pfb></usr/share/texmf/fonts/type1/bluesky/cm/cmr7.pfb></usr/s
hare/texmf/fonts/type1/bluesky/cm/cmsy10.pfb></usr/share/texmf/fonts/type1/blue
sky/cm/cmti10.pfb></usr/share/texmf/fonts/type1/bluesky/cm/cmtt10.pfb></usr/sha
re/texmf/fonts/type1/bluesky/cm/cmtt12.pfb></usr/share/texmf/fonts/type1/bluesk
y/cm/cmtt9.pfb>
Output written on cloog.pdf (48 pages, 275498 bytes).
PDF statistics:
 639 PDF objects out of 1000 (max. 8388607)
 116 named destinations out of 1000 (max. 131072)
 527 words of extra memory for PDF output out of 10000 (max. 10000000)

